Removed advancements/4c4e7571-ba9a-3716-be48-1d81ff055b13.json: Invalid JSON
Removed scoreboard.dat: Invalid NBT
Removed world/DIM-1/data/raids.dat: not used
Removed world/DIM-1/entities/r.0.-1.mca: 0 size
Removed world/DIM-1/poi/r.-1.-1.mca: 0 size
Removed world/DIM-1/poi/r.0.-1.mca: 0 size
Removed world/DIM-1/poi/r.0.0.mca: 0 size
Removed world/level7890375440230000424.dat: not used
Removed world/playerdata/00000000-0000-0000-0009-01f204ff4cf8.dat_old: not used
Removed world/playerdata/00000000-0000-0000-0009-01fbd9b49b92.dat_old: not used
Removed world/playerdata/00000000-0000-0000-0009-01fe26edec6a.dat_old: not used
Removed playerdata/001954b4-4519-3164-9f3f-a458b69df366-12879377814278087572.dat: Invalid gzipped NBT
Removed world/playerdata/001954b4-4519-3164-9f3f-a458b69df366.dat.offline-read: not used
Removed world/playerdata/001954b4-4519-3164-9f3f-a458b69df366.dat_old: not used
Removed world/playerdata/01cc95b1-200f-3f3f-9bb3-7220a05cca31.dat_old: not used
Removed world/playerdata/01e8afff-ba14-36d2-a91c-3d364ca82f0e.dat_old: not used
Removed world/playerdata/1a105ad9-e581-33f9-b9e7-98607d40fce3.dat_old: not used
Removed world/playerdata/1ee82456-5d70-314f-a932-7706bc13dc1e.dat_old: not used
Removed world/playerdata/21795775-528f-4fbf-83bd-51080c3a02e6.dat_old: not used
Removed world/playerdata/24b92afb-dfca-3ce8-adfb-a1d1a25fcf85.dat_old: not used
Removed world/playerdata/28a9ec79-8f15-3cda-b526-7b08935e4ead.dat_old: not used
Removed world/playerdata/2af056c7-82e9-337a-b71d-fd70475f6780.dat_old: not used
Removed world/playerdata/348237b6-98a3-3ce9-b1ac-18c546823091.dat_old: not used
Removed world/playerdata/3f2791f7-86d4-32fa-82b1-d13816ed3d26.dat_old: not used
Removed world/playerdata/467b0cd2-b276-46de-9176-5b7444f447fb.dat_old: not used
Removed world/playerdata/48293538-71d6-44f4-add8-12d698af019d.dat_old: not used
Removed world/playerdata/4a62aeeb-7289-407a-829b-5a86ebbab7be.dat_old: not used
Removed world/playerdata/4b32ee7f-73f2-42d3-9026-fa7a4020a708.dat_old: not used
Removed world/playerdata/4c4e7571-ba9a-3716-be48-1d81ff055b13.dat_old: not used
Removed world/playerdata/4f8147be-eb31-4745-b0d0-a0e50f62f5dc.dat_old: not used
Removed world/playerdata/524365bd-fe62-32c9-901f-8af16ae848fa.dat_old: not used
Removed world/playerdata/549288c2-c2cf-3b92-bae4-70d5f6c308ee.dat_old: not used
Removed world/playerdata/5abe34ec-beef-4b0d-aab0-c55396915fb8.dat_old: not used
Removed world/playerdata/5d9d6f96-af40-4d40-a965-b00fbda666ef.dat_old: not used
Removed world/playerdata/5da838f6-f0aa-36ad-9358-4fad8431ba7d.dat_old: not used
Removed world/playerdata/6156f224-bbc2-4437-8c21-d11c0a45f420.dat_old: not used
Removed world/playerdata/64900d4d-5423-3501-9eb2-90cd64642482.dat_old: not used
Removed world/playerdata/64ed6fb3-918a-3a40-8e19-3e5661dbe2f7.dat.offline-read: not used
Removed world/playerdata/64ed6fb3-918a-3a40-8e19-3e5661dbe2f7.dat_old: not used
Removed world/playerdata/6a27c89c-52df-4e47-86b3-b0244dba409b.dat_old: not used
Removed world/playerdata/7268b99b-e8dc-3a10-9f6f-0917537d67d8.dat.offline-read: not used
Removed world/playerdata/7268b99b-e8dc-3a10-9f6f-0917537d67d8.dat_old: not used
Removed world/playerdata/7835b2bb-d2fb-4860-96ed-a45d6335eae4.dat_old: not used
Removed world/playerdata/78a62d18-2d0d-3170-9b96-88cbb43b78eb.dat_old: not used
Removed world/playerdata/792bf0ac-2176-3b2a-b555-4635e8ab0b69.dat_old: not used
Removed world/playerdata/82cec636-0b0a-3060-bbcc-5f119d3c3b46.dat.offline-read: not used
Removed world/playerdata/82cec636-0b0a-3060-bbcc-5f119d3c3b46.dat_old: not used
Removed world/playerdata/82f6aa8c-e2e8-3dcd-8646-67a0e7e56ae2.dat_old: not used
Removed world/playerdata/882f705f-d2d6-309e-876d-ae99982b5d6b.dat_old: not used
Removed world/playerdata/8bb29277-a313-303f-b01f-6224c3c21692.dat_old: not used
Removed world/playerdata/924db4d0-d825-3f12-97fd-c12181a9274a.dat_old: not used
Removed world/playerdata/929150f5-c912-31b6-8fc0-46dd95e12f10.dat_old: not used
Removed world/playerdata/a450eeff-6ec6-487e-a3db-22cfe2845d8f.dat_old: not used
Removed world/playerdata/af110f20-ae7a-3bf7-b12d-32165629cf83.dat_old: not used
Removed world/playerdata/b40aa56a-e266-39f1-aa80-1e7b07f0fffb.dat_old: not used
Removed world/playerdata/b4e00ba4-3aff-383c-93cb-50388f1dda34.dat_old: not used
Removed world/playerdata/b77e9b4e-4bcf-3de5-a3ff-fe244d339559.dat_old: not used
Removed world/playerdata/b86d37fa-63ed-4486-b030-f1b2ee90abff.dat_old: not used
Removed world/playerdata/ba670661-5c6f-43c7-be7e-120adbe6cb9f.dat_old: not used
Removed world/playerdata/bc4ba7bf-4cec-3946-9fdb-de7aa6c8d637.dat_old: not used
Removed world/playerdata/c3a72d86-de82-42df-839e-bc328c419d2b.dat_old: not used
Removed world/playerdata/c4ede9e3-6fa1-331d-8d01-d1a3a40dead6.dat.offline-read: not used
Removed world/playerdata/c4ede9e3-6fa1-331d-8d01-d1a3a40dead6.dat_old: not used
Removed world/playerdata/c8c7acdd-15d9-3464-b3da-d74189a7d557.dat_old: not used
Removed world/playerdata/ce0fbd76-7430-3582-81ff-d4583f990b9a.dat_old: not used
Removed world/playerdata/d22ab839-6fe0-3184-a805-b24829e5f6f8.dat_old: not used
Removed world/playerdata/d789a8fa-ae88-3f2a-92bb-96d7f1e19256.dat_old: not used
Removed world/playerdata/de1c7ed9-c037-3b48-9f5b-42ab7acf9b87.dat_old: not used
Removed world/playerdata/dfbd5731-e84f-4e71-91c7-4aaeb342bb4d.dat_old: not used
Removed world/playerdata/e07e6e16-b0ba-4454-900c-65c7cb28e049.dat_old: not used
Removed world/playerdata/e16bb9b2-109c-3886-bb25-fdc54b61a91e.dat_old: not used
Removed world/playerdata/e56141ae-cbf0-4c2a-80f6-9de02d49d23c.dat_old: not used
Removed world/playerdata/e6177631-67e8-336e-b6f2-b57a98305b98.dat_old: not used
Removed world/playerdata/ff4b5dc8-db46-31cc-a48a-b2339ef4d59d.dat_old: not used
Removed world/poi/r.-1.-1.mca: 0 size
Removed world/poi/r.-1.3.mca: 0 size
Removed world/poi/r.-2.0.mca: 0 size
Removed world/poi/r.-3.1.mca: 0 size
Removed world/poi/r.1.-1.mca: 0 size
Removed world/poi/r.1.0.mca: 0 size
Removed world/uid.dat: not used
Validated 1057 files, 976 accepted, 81 rejected.
